
2020-04-22 18:30:05.690 7000-7131/com.example.okhttptest D/INA: [__createAndUpdateConnection] Port to be used for connection : (443) with domainName (sicmobi2.sicredi.com.br)
2020-04-22 18:30:05.694 7000-7149/com.example.okhttptest W/System.err: java.net.ConnectException: failed to connect to sicmobi2.sicredi.com.br/23.216.176.14 (port 443) from /192.168.0.22 (port 45676): connect failed: EINPROGRESS (Operation now in progress)
2020-04-22 18:30:05.694 7000-7149/com.example.okhttptest W/System.err:     at libcore.io.IoBridge.connect(IoBridge.java:143)
2020-04-22 18:30:05.694 7000-7149/com.example.okhttptest W/System.err:     at java.net.PlainSocketImpl.socketConnect(PlainSocketImpl.java:142)
2020-04-22 18:30:05.694 7000-7149/com.example.okhttptest W/System.err:     at java.net.AbstractPlainSocketImpl.doConnect(AbstractPlainSocketImpl.java:390)
2020-04-22 18:30:05.694 7000-7149/com.example.okhttptest W/System.err:     at java.net.AbstractPlainSocketImpl.connectToAddress(AbstractPlainSocketImpl.java:230)
2020-04-22 18:30:05.694 7000-7149/com.example.okhttptest W/System.err:     at java.net.AbstractPlainSocketImpl.connect(AbstractPlainSocketImpl.java:212)
2020-04-22 18:30:05.694 7000-7149/com.example.okhttptest W/System.err:     at java.net.SocksSocketImpl.connect(SocksSocketImpl.java:436)
2020-04-22 18:30:05.694 7000-7149/com.example.okhttptest W/System.err:     at java.net.Socket.connect(Socket.java:621)
2020-04-22 18:30:05.694 7000-7149/com.example.okhttptest W/System.err:     at com.android.org.conscrypt.AbstractConscryptSocket.connect(AbstractConscryptSocket.java:156)
2020-04-22 18:30:05.694 7000-7149/com.example.okhttptest W/System.err:     at com.android.org.conscrypt.AbstractConscryptSocket.connect(AbstractConscryptSocket.java:140)
2020-04-22 18:30:05.695 7000-7149/com.example.okhttptest W/System.err:     at java.net.Socket.<init>(Socket.java:450)
2020-04-22 18:30:05.695 7000-7149/com.example.okhttptest W/System.err:     at java.net.Socket.<init>(Socket.java:218)
2020-04-22 18:30:05.695 7000-7149/com.example.okhttptest W/System.err:     at javax.net.ssl.SSLSocket.<init>(SSLSocket.java:931)
2020-04-22 18:30:05.695 7000-7149/com.example.okhttptest W/System.err:     at com.android.org.conscrypt.AbstractConscryptSocket.<init>(AbstractConscryptSocket.java:97)
2020-04-22 18:30:05.695 7000-7149/com.example.okhttptest W/System.err:     at com.android.org.conscrypt.OpenSSLSocketImpl.<init>(OpenSSLSocketImpl.java:41)
2020-04-22 18:30:05.695 7000-7149/com.example.okhttptest W/System.err:     at com.android.org.conscrypt.ConscryptFileDescriptorSocket.<init>(ConscryptFileDescriptorSocket.java:134)
2020-04-22 18:30:05.695 7000-7149/com.example.okhttptest W/System.err:     at com.android.org.conscrypt.Java8FileDescriptorSocket.<init>(Java8FileDescriptorSocket.java:42)
2020-04-22 18:30:05.695 7000-7149/com.example.okhttptest W/System.err:     at com.android.org.conscrypt.Platform.createFileDescriptorSocket(Platform.java:332)
2020-04-22 18:30:05.695 7000-7149/com.example.okhttptest W/System.err:     at com.android.org.conscrypt.OpenSSLSocketFactoryImpl.createSocket(OpenSSLSocketFactoryImpl.java:106)
2020-04-22 18:30:05.695 7000-7149/com.example.okhttptest W/System.err:     at com.example.okhttptest.NativeSslCode.createSocket(NativeSslCode.java:33)
2020-04-22 18:30:05.695 7000-7149/com.example.okhttptest W/System.err:     at com.example.okhttptest.NativeSslCode.createRequest(NativeSslCode.java:23)
2020-04-22 18:30:05.695 7000-7149/com.example.okhttptest W/System.err:     at com.example.okhttptest.MainActivity$1.run(MainActivity.java:66)
2020-04-22 18:30:05.695 7000-7149/com.example.okhttptest W/System.err:     at java.lang.Thread.run(Thread.java:919)
2020-04-22 18:30:05.695 7000-7149/com.example.okhttptest W/System.err: Caused by: android.system.ErrnoException: connect failed: EINPROGRESS (Operation now in progress)
2020-04-22 18:30:05.695 7000-7149/com.example.okhttptest W/System.err:     at libcore.io.Linux.connect(Native Method)
2020-04-22 18:30:05.695 7000-7149/com.example.okhttptest W/System.err:     at libcore.io.ForwardingOs.connect(ForwardingOs.java:95)
2020-04-22 18:30:05.695 7000-7149/com.example.okhttptest W/System.err:     at libcore.io.BlockGuardOs.connect(BlockGuardOs.java:136)
2020-04-22 18:30:05.695 7000-7149/com.example.okhttptest W/System.err:     at libcore.io.ForwardingOs.connect(ForwardingOs.java:95)
2020-04-22 18:30:05.695 7000-7149/com.example.okhttptest W/System.err:     at libcore.io.IoBridge.connectErrno(IoBridge.java:157)
2020-04-22 18:30:05.695 7000-7149/com.example.okhttptest W/System.err:     at libcore.io.IoBridge.connect(IoBridge.java:135)
2020-04-22 18:30:05.696 7000-7149/com.example.okhttptest W/System.err: 	... 21 more